[2024/11/25 15:52:21]: §9          __             _       
[2024/11/25 15:52:21]: §9  _ __   / /  ___   __ _(_)_ __  
[2024/11/25 15:52:21]: §9 | '_ \ / /  / _ \ / _` | | '_ \ 
[2024/11/25 15:52:21]: §9 | | | / /__| (_) | (_| | | | | |
[2024/11/25 15:52:21]: §9 |_| |_\____/\___/ \__, |_|_| |_|
[2024/11/25 15:52:21]: §9                  |___/            
[2024/11/25 15:52:21]: §9 By: www.nickuc.com - V 10.4.17 DEVELOPMENT
[2024/11/25 15:52:21]: §9 
[2024/11/25 15:52:22]: §3[nLogin] [DEBUG] All settings were loaded in 170 ms.
[2024/11/25 15:52:22]: §3[nLogin] [DEBUG] Loading the messages_en.yml message file...
[2024/11/25 15:52:22]: §3[nLogin] [DEBUG] All plugin messages were loaded in 71 ms (languageByClient=false).
[2024/11/25 15:52:22]: §3[nLogin] [DEBUG] All proxy settings were loaded in 2 ms.
[2024/11/25 15:52:22]: §3[nLogin] [DEBUG] Loading database...
[2024/11/25 15:52:22]: §3[nLogin] [DEBUG] Starting logger filter...
[2024/11/25 15:53:09]: §3[nLogin] [DEBUG] [SQLite] [UPDATE]: "UPDATE `nlogin` SET `last_name` = 'Terbang', `unique_id` = 62020be1f71336bea088d7eaf7165aef,  `mojang_id` = null,  `bedrock_id` = null,  `password` = '$2a$10$K29HYC9eIeA/IsT06LW3seecXPEi0mspDY4/eslEKvyJ7PWOgwZ/y', `last_ip` = '127.0.0.1', `creation_date` = 2024-11-25 13:54:26.117, `last_seen` = 2024-11-25 15:53:09.8, `email` = null, `discord` = null, `settings` = '{"settings":[{"value":"en","key":"language"}],"version":0}' WHERE `ai` = 1" (applied to [last_ip, last_seen, settings] columns)
[2024/11/25 15:53:11]: [nLogin] The user Terbang has successfully logged in.
[2024/11/25 15:59:54]: §3[nLogin] [DEBUG] [SQLite] [UPDATE]: "INSERT INTO `nlogin` (`last_name`, `unique_id`, `mojang_id`, `bedrock_id`, `password`, `last_ip`, `creation_date`, `last_seen`, `email`, `discord`, `settings`) VALUES ('iloveher', a2d48c14322434508378a2b784910c53, null, null, '$2a$10$bLJGCcdzNs1/dhYMF/ZjsecPnraxKakoFD6Bluo.9qWxeMgVtdMOq', '0:0:0:0:0:0:0:1', '2024-11-25 15:59:53.971', '2024-11-25 15:59:53.971', null, null, '{"settings":[{"value":true,"key":"force-invalid-session"}],"version":0}')" (applied to all columns)
[2024/11/25 15:59:54]: [nLogin] The user iloveher has successfully registered.
[2024/11/25 16:16:18]: §3[nLogin] [DEBUG] [SQLite] [UPDATE]: "UPDATE `nlogin` SET `last_name` = 'iloveher', `unique_id` = a2d48c14322434508378a2b784910c53,  `mojang_id` = null,  `bedrock_id` = null,  `password` = '$2a$10$bLJGCcdzNs1/dhYMF/ZjsecPnraxKakoFD6Bluo.9qWxeMgVtdMOq', `last_ip` = '0:0:0:0:0:0:0:1', `creation_date` = 2024-11-25 15:59:53.971, `last_seen` = 2024-11-25 16:16:18.651, `email` = null, `discord` = null, `settings` = '{"settings":[{"value":true,"key":"force-invalid-session"},{"value":"en","key":"language"}],"version":0}' WHERE `ai` = 2" (applied to [last_seen, settings] columns)
[2024/11/25 16:16:35]: §3[nLogin] [DEBUG] [SQLite] [UNREGISTER]: Removing the iloveher's account...
[2024/11/25 16:16:35]: §3[nLogin] [DEBUG] [SQLite] [UPDATE]: "UPDATE `nlogin` SET `last_name` = 'iloveher', `unique_id` = a2d48c14322434508378a2b784910c53,  `mojang_id` = null,  `bedrock_id` = null,  `password` = null, `last_ip` = null, `creation_date` = 1970-01-01 07:30:00.0, `last_seen` = 1970-01-01 07:30:00.0, `email` = null, `discord` = null, `settings` = null WHERE `ai` = 2" (applied to all columns)
[2024/11/25 16:16:35]: §3[nLogin] [DEBUG] The iloveher player had his account unregistered by CONSOLE.
[2024/11/25 16:18:05]: §3[nLogin] [DEBUG] [SQLite] [UNREGISTER]: Removing the Terbang's account...
[2024/11/25 16:18:05]: §3[nLogin] [DEBUG] [SQLite] [UPDATE]: "UPDATE `nlogin` SET `last_name` = 'Terbang', `unique_id` = 62020be1f71336bea088d7eaf7165aef,  `mojang_id` = null,  `bedrock_id` = null,  `password` = null, `last_ip` = null, `creation_date` = 1970-01-01 07:30:00.0, `last_seen` = 1970-01-01 07:30:00.0, `email` = null, `discord` = null, `settings` = null WHERE `ai` = 1" (applied to all columns)
[2024/11/25 16:18:05]: §3[nLogin] [DEBUG] The Terbang player had his account unregistered by CONSOLE.
[2024/11/25 16:18:05]: §3[nLogin] [DEBUG] [SQLite] [UPDATE]: "UPDATE `nlogin` SET `last_name` = 'Terbang', `unique_id` = 62020be1f71336bea088d7eaf7165aef,  `mojang_id` = null,  `bedrock_id` = null,  `password` = '$2a$10$K29HYC9eIeA/IsT06LW3seecXPEi0mspDY4/eslEKvyJ7PWOgwZ/y', `last_ip` = '127.0.0.1', `creation_date` = 2024-11-25 13:54:26.117, `last_seen` = 2024-11-25 16:18:05.386, `email` = null, `discord` = null, `settings` = '{"settings":[{"value":"en","key":"language"}],"version":0}' WHERE `ai` = 1" (applied to [last_seen, settings] columns)
[2024/11/25 16:19:14]: §3[nLogin] [DEBUG] [SQLite] [UPDATE]: "UPDATE `nlogin` SET `last_name` = 'Terbang', `unique_id` = 62020be1f71336bea088d7eaf7165aef,  `mojang_id` = null,  `bedrock_id` = null,  `password` = '$2a$10$sS03KFm3svw2WWLhAgN2COKkeYvYB9bT3./zXuvbjla0pUvP7rRTi', `last_ip` = '127.0.0.1', `creation_date` = 2024-11-25 16:19:14.54, `last_seen` = 2024-11-25 16:19:14.54, `email` = null, `discord` = null, `settings` = '{"settings":[{"value":true,"key":"force-invalid-session"},{"value":"en","key":"language"}],"version":0}' WHERE `ai` = 1" (applied to all columns)
[2024/11/25 16:19:14]: [nLogin] The user Terbang has successfully registered.
[2024/11/25 16:27:52]: §3[nLogin] [DEBUG] [SQLite] [UPDATE]: "UPDATE `nlogin` SET `last_name` = 'iloveher', `unique_id` = a2d48c14322434508378a2b784910c53,  `mojang_id` = null,  `bedrock_id` = null,  `password` = '$2a$10$ia.JmSdGwcHdMQrfatq1duAma.ItFBUNQXyOB51NLXpNpiE2BOgL2', `last_ip` = '0:0:0:0:0:0:0:1', `creation_date` = 2024-11-25 16:27:52.555, `last_seen` = 2024-11-25 16:27:52.555, `email` = null, `discord` = null, `settings` = '{"settings":[{"value":true,"key":"force-invalid-session"}],"version":0}' WHERE `ai` = 2" (applied to all columns)
[2024/11/25 16:27:52]: [nLogin] The user iloveher has successfully registered.
[2024/11/25 16:33:33]: §3[nLogin] [DEBUG] [SQLite] [UNREGISTER]: Removing the iloveher's account...
[2024/11/25 16:33:33]: §3[nLogin] [DEBUG] [SQLite] [UPDATE]: "UPDATE `nlogin` SET `last_name` = 'iloveher', `unique_id` = a2d48c14322434508378a2b784910c53,  `mojang_id` = null,  `bedrock_id` = null,  `password` = null, `last_ip` = null, `creation_date` = 1970-01-01 07:30:00.0, `last_seen` = 1970-01-01 07:30:00.0, `email` = null, `discord` = null, `settings` = null WHERE `ai` = 2" (applied to all columns)
[2024/11/25 16:33:33]: §3[nLogin] [DEBUG] The iloveher player had his account unregistered by CONSOLE.
[2024/11/25 16:33:33]: §3[nLogin] [DEBUG] [SQLite] [UPDATE]: "UPDATE `nlogin` SET `last_name` = 'iloveher', `unique_id` = a2d48c14322434508378a2b784910c53,  `mojang_id` = null,  `bedrock_id` = null,  `password` = '$2a$10$ia.JmSdGwcHdMQrfatq1duAma.ItFBUNQXyOB51NLXpNpiE2BOgL2', `last_ip` = '0:0:0:0:0:0:0:1', `creation_date` = 2024-11-25 16:27:52.555, `last_seen` = 2024-11-25 16:33:33.338, `email` = null, `discord` = null, `settings` = '{"settings":[{"value":true,"key":"force-invalid-session"},{"value":"en","key":"language"}],"version":0}' WHERE `ai` = 2" (applied to [last_seen, settings] columns)
[2024/11/25 17:08:01]: §3[nLogin] [DEBUG] [SQLite] [UPDATE]: "UPDATE `nlogin` SET `last_name` = 'iloveher', `unique_id` = a2d48c14322434508378a2b784910c53,  `mojang_id` = null,  `bedrock_id` = null,  `password` = '$2a$10$v.xPk7ZFGAlEmd0QiYkllugxfzKjIXFahRLChUHV2cM5JVj1fdVeq', `last_ip` = '0:0:0:0:0:0:0:1', `creation_date` = 2024-11-25 17:08:01.309, `last_seen` = 2024-11-25 17:08:01.309, `email` = null, `discord` = null, `settings` = '{"settings":[{"value":true,"key":"force-invalid-session"},{"value":"en","key":"language"}],"version":0}' WHERE `ai` = 2" (applied to all columns)
[2024/11/25 17:08:01]: [nLogin] The user iloveher has successfully registered.
[2024/11/25 17:18:16]: §3[nLogin] [DEBUG] [SQLite] [UPDATE]: "UPDATE `nlogin` SET `last_name` = 'iloveher', `unique_id` = a2d48c14322434508378a2b784910c53,  `mojang_id` = null,  `bedrock_id` = null,  `password` = '$2a$10$v.xPk7ZFGAlEmd0QiYkllugxfzKjIXFahRLChUHV2cM5JVj1fdVeq', `last_ip` = '0:0:0:0:0:0:0:1', `creation_date` = 2024-11-25 17:08:01.309, `last_seen` = 2024-11-25 17:18:16.043, `email` = null, `discord` = null, `settings` = '{"settings":[{"value":true,"key":"force-invalid-session"},{"value":"en","key":"language"}],"version":0}' WHERE `ai` = 2" (applied to [last_seen, settings] columns)
[2024/11/25 17:18:27]: §3[nLogin] [DEBUG] [SQLite] [UNREGISTER]: Removing the iloveher's account...
[2024/11/25 17:18:27]: §3[nLogin] [DEBUG] [SQLite] [UPDATE]: "UPDATE `nlogin` SET `last_name` = 'iloveher', `unique_id` = a2d48c14322434508378a2b784910c53,  `mojang_id` = null,  `bedrock_id` = null,  `password` = null, `last_ip` = null, `creation_date` = 1970-01-01 07:30:00.0, `last_seen` = 1970-01-01 07:30:00.0, `email` = null, `discord` = null, `settings` = null WHERE `ai` = 2" (applied to all columns)
[2024/11/25 17:18:27]: §3[nLogin] [DEBUG] The iloveher player had his account unregistered by CONSOLE.
[2024/11/25 17:18:37]: §3[nLogin] [DEBUG] [SQLite] [UPDATE]: "UPDATE `nlogin` SET `last_name` = 'iloveher', `unique_id` = a2d48c14322434508378a2b784910c53,  `mojang_id` = null,  `bedrock_id` = null,  `password` = '$2a$10$.QHIQbwjC3CdG/Ye/5rcQOuyyGsj78xaYAfrdlwEbjEw7fv/rva8K', `last_ip` = '0:0:0:0:0:0:0:1', `creation_date` = 2024-11-25 17:18:37.832, `last_seen` = 2024-11-25 17:18:37.832, `email` = null, `discord` = null, `settings` = '{"settings":[{"value":true,"key":"force-invalid-session"}],"version":0}' WHERE `ai` = 2" (applied to all columns)
[2024/11/25 17:18:37]: [nLogin] The user iloveher has successfully registered.
[2024/11/25 17:21:31]: §3[nLogin] [DEBUG] [SQLite] [UPDATE]: "UPDATE `nlogin` SET `last_name` = 'Terbang', `unique_id` = 62020be1f71336bea088d7eaf7165aef,  `mojang_id` = null,  `bedrock_id` = null,  `password` = '$2a$10$sS03KFm3svw2WWLhAgN2COKkeYvYB9bT3./zXuvbjla0pUvP7rRTi', `last_ip` = '127.0.0.1', `creation_date` = 2024-11-25 16:19:14.54, `last_seen` = 2024-11-25 17:21:31.005, `email` = null, `discord` = null, `settings` = '{"settings":[{"value":true,"key":"force-invalid-session"},{"value":"en","key":"language"}],"version":0}' WHERE `ai` = 1" (applied to [last_seen, settings] columns)
[2024/11/25 17:26:20]: §3[nLogin] [DEBUG] [SQLite] [UPDATE]: "UPDATE `nlogin` SET `last_name` = 'iloveher', `unique_id` = a2d48c14322434508378a2b784910c53,  `mojang_id` = null,  `bedrock_id` = null,  `password` = '$2a$10$.QHIQbwjC3CdG/Ye/5rcQOuyyGsj78xaYAfrdlwEbjEw7fv/rva8K', `last_ip` = '0:0:0:0:0:0:0:1', `creation_date` = 2024-11-25 17:18:37.832, `last_seen` = 2024-11-25 17:26:20.344, `email` = null, `discord` = null, `settings` = '{"settings":[{"value":true,"key":"force-invalid-session"},{"value":"en","key":"language"}],"version":0}' WHERE `ai` = 2" (applied to [last_seen, settings] columns)
[2024/11/25 17:35:03]: §3[nLogin] [DEBUG] [SQLite] [UPDATE]: "INSERT INTO `nlogin` (`last_name`, `unique_id`, `mojang_id`, `bedrock_id`, `password`, `last_ip`, `creation_date`, `last_seen`, `email`, `discord`, `settings`) VALUES ('zonejone', 9071deada6693bbe91fd428dbe7760c3, null, null, '$2a$10$.bYZSMkvaOtLEg5L/ewg0OA/nUI.6erdnTSfmhm37EBTd5XltMVvm', '127.0.0.1', '2024-11-25 17:35:02.906', '2024-11-25 17:35:02.906', null, null, '{"settings":[{"value":true,"key":"force-invalid-session"}],"version":0}')" (applied to all columns)
[2024/11/25 17:35:03]: [nLogin] The user zonejone has successfully registered.
[2024/11/25 17:35:45]: §3[nLogin] [DEBUG] [SQLite] [UNREGISTER]: Removing the iloveher's account...
[2024/11/25 17:35:45]: §3[nLogin] [DEBUG] [SQLite] [UPDATE]: "UPDATE `nlogin` SET `last_name` = 'iloveher', `unique_id` = a2d48c14322434508378a2b784910c53,  `mojang_id` = null,  `bedrock_id` = null,  `password` = null, `last_ip` = null, `creation_date` = 1970-01-01 07:30:00.0, `last_seen` = 1970-01-01 07:30:00.0, `email` = null, `discord` = null, `settings` = null WHERE `ai` = 2" (applied to all columns)
[2024/11/25 17:35:45]: §3[nLogin] [DEBUG] The iloveher player had his account unregistered by CONSOLE.
[2024/11/25 17:35:59]: §3[nLogin] [DEBUG] [SQLite] [UPDATE]: "UPDATE `nlogin` SET `last_name` = 'iloveher', `unique_id` = a2d48c14322434508378a2b784910c53,  `mojang_id` = null,  `bedrock_id` = null,  `password` = '$2a$10$U0eFPL8thvkGba8i7Wjbte4L3OXREwATZjV2IHbTJ9DFqDUw9TDcu', `last_ip` = '0:0:0:0:0:0:0:1', `creation_date` = 2024-11-25 17:35:58.963, `last_seen` = 2024-11-25 17:35:58.963, `email` = null, `discord` = null, `settings` = '{"settings":[{"value":true,"key":"force-invalid-session"}],"version":0}' WHERE `ai` = 2" (applied to all columns)
[2024/11/25 17:35:59]: [nLogin] The user iloveher has successfully registered.
[2024/11/25 17:36:13]: §3[nLogin] [DEBUG] [SQLite] [UPDATE]: "UPDATE `nlogin` SET `last_name` = 'iloveher', `unique_id` = a2d48c14322434508378a2b784910c53,  `mojang_id` = null,  `bedrock_id` = null,  `password` = '$2a$10$U0eFPL8thvkGba8i7Wjbte4L3OXREwATZjV2IHbTJ9DFqDUw9TDcu', `last_ip` = '0:0:0:0:0:0:0:1', `creation_date` = 2024-11-25 17:35:58.963, `last_seen` = 2024-11-25 17:36:13.942, `email` = null, `discord` = null, `settings` = '{"settings":[{"value":true,"key":"force-invalid-session"},{"value":"en","key":"language"}],"version":0}' WHERE `ai` = 2" (applied to [last_seen, settings] columns)
[2024/11/25 17:36:20]: §3[nLogin] [DEBUG] [SQLite] [UPDATE]: "UPDATE `nlogin` SET `last_name` = 'zonejone', `unique_id` = 9071deada6693bbe91fd428dbe7760c3,  `mojang_id` = null,  `bedrock_id` = null,  `password` = '$2a$10$.bYZSMkvaOtLEg5L/ewg0OA/nUI.6erdnTSfmhm37EBTd5XltMVvm', `last_ip` = '127.0.0.1', `creation_date` = 2024-11-25 17:35:02.906, `last_seen` = 2024-11-25 17:36:20.047, `email` = null, `discord` = null, `settings` = '{"settings":[{"value":true,"key":"force-invalid-session"},{"value":"en","key":"language"}],"version":0}' WHERE `ai` = 3" (applied to [last_seen, settings] columns)
[2024/11/25 17:36:36]: §3[nLogin] [DEBUG] [SQLite] [UPDATE]: "UPDATE `nlogin` SET `last_name` = 'Terbang', `unique_id` = 62020be1f71336bea088d7eaf7165aef,  `mojang_id` = null,  `bedrock_id` = null,  `password` = '$2a$10$sS03KFm3svw2WWLhAgN2COKkeYvYB9bT3./zXuvbjla0pUvP7rRTi', `last_ip` = '127.0.0.1', `creation_date` = 2024-11-25 16:19:14.54, `last_seen` = 2024-11-25 17:36:36.016, `email` = null, `discord` = null, `settings` = '{"settings":[{"value":"en","key":"language"}],"version":0}' WHERE `ai` = 1" (applied to [last_ip, last_seen, settings] columns)
[2024/11/25 17:36:36]: [nLogin] The user Terbang has successfully logged in.
[2024/11/25 17:38:30]: §3[nLogin] [DEBUG] [SQLite] [UNREGISTER]: Removing the iloveher's account...
[2024/11/25 17:38:30]: §3[nLogin] [DEBUG] [SQLite] [UPDATE]: "UPDATE `nlogin` SET `last_name` = 'iloveher', `unique_id` = a2d48c14322434508378a2b784910c53,  `mojang_id` = null,  `bedrock_id` = null,  `password` = null, `last_ip` = null, `creation_date` = 1970-01-01 07:30:00.0, `last_seen` = 1970-01-01 07:30:00.0, `email` = null, `discord` = null, `settings` = null WHERE `ai` = 2" (applied to all columns)
[2024/11/25 17:38:30]: §3[nLogin] [DEBUG] The iloveher player had his account unregistered by CONSOLE.
[2024/11/25 17:43:42]: §3[nLogin] [DEBUG] [SQLite] [UPDATE]: "UPDATE `nlogin` SET `last_name` = 'iloveher', `unique_id` = a2d48c14322434508378a2b784910c53,  `mojang_id` = null,  `bedrock_id` = null,  `password` = '$2a$10$nCtA06YvUPsy17WCiKCfsO.bn5VGb9xQgLn8Grq9.uhmaozFpRfa.', `last_ip` = '0:0:0:0:0:0:0:1', `creation_date` = 2024-11-25 17:43:41.959, `last_seen` = 2024-11-25 17:43:41.959, `email` = null, `discord` = null, `settings` = '{"settings":[{"value":true,"key":"force-invalid-session"}],"version":0}' WHERE `ai` = 2" (applied to all columns)
[2024/11/25 17:43:42]: [nLogin] The user iloveher has successfully registered.
[2024/11/25 17:43:50]: [nLogin] Successful plugin core shutdown (took 0.00s)
