[2024/11/25 13:53:48]: §9          __             _       
[2024/11/25 13:53:48]: §9  _ __   / /  ___   __ _(_)_ __  
[2024/11/25 13:53:48]: §9 | '_ \ / /  / _ \ / _` | | '_ \ 
[2024/11/25 13:53:48]: §9 | | | / /__| (_) | (_| | | | | |
[2024/11/25 13:53:48]: §9 |_| |_\____/\___/ \__, |_|_| |_|
[2024/11/25 13:53:48]: §9                  |___/            
[2024/11/25 13:53:48]: §9 By: www.nickuc.com - V 10.4.17 DEVELOPMENT
[2024/11/25 13:53:48]: §9 
[2024/11/25 13:53:48]: §3[nLogin] [DEBUG] All settings were loaded in 218 ms.
[2024/11/25 13:53:48]: §3[nLogin] [DEBUG] Loading the messages_en.yml message file...
[2024/11/25 13:53:48]: §3[nLogin] [DEBUG] All plugin messages were loaded in 87 ms (languageByClient=false).
[2024/11/25 13:53:48]: §3[nLogin] [DEBUG] All proxy settings were loaded in 2 ms.
[2024/11/25 13:53:48]: §3[nLogin] [DEBUG] Loading database...
[2024/11/25 13:53:49]: §3[nLogin] [DEBUG] Starting logger filter...
[2024/11/25 13:54:13]: 
[2024/11/25 13:54:13]:  §bThank you so much for choosing nLogin! §4<3
[2024/11/25 13:54:13]: 
[2024/11/25 13:54:13]:  §4For your safety, please read the message below:
[2024/11/25 13:54:13]:   §cNever download nLogin from unknown sources.
[2024/11/25 13:54:13]:   §cA modified version may contain malicious software.
[2024/11/25 13:54:13]: 
[2024/11/25 13:54:13]:  §3Trusted sources:
[2024/11/25 13:54:13]:   §bwww.nickuc.com
[2024/11/25 13:54:13]:   §bwww.github.com/nickuc
[2024/11/25 13:54:13]:   §bOpeNLogin installer (from Spigot or GitHub)
[2024/11/25 13:54:13]: 
[2024/11/25 13:54:13]:  §3Official support channels:
[2024/11/25 13:54:13]:   §bDiscord group: §fwww.nickuc.com/discord
[2024/11/25 13:54:13]:   §bDocumentation: §fdocs.nickuc.com/nlogin/
[2024/11/25 13:54:13]:   §bEmail: §fsupport@nickuc.com
[2024/11/25 13:54:13]:   §bYouTube: §fyoutube.com/nickuc
[2024/11/25 13:54:13]: 
[2024/11/25 13:54:13]:  §eTo remove this warning, log in with "nlogin.admin" permission on the server
[2024/11/25 13:54:13]:  §eand click the "Setup plugin" button to configure your plugin.
[2024/11/25 13:54:13]: 
[2024/11/25 13:54:26]: §3[nLogin] [DEBUG] [SQLite] [UPDATE]: "INSERT INTO `nlogin` (`last_name`, `unique_id`, `mojang_id`, `bedrock_id`, `password`, `last_ip`, `creation_date`, `last_seen`, `email`, `discord`, `settings`) VALUES ('Terbang', 62020be1f71336bea088d7eaf7165aef, null, null, '$2a$10$K29HYC9eIeA/IsT06LW3seecXPEi0mspDY4/eslEKvyJ7PWOgwZ/y', '127.0.0.1', '2024-11-25 13:54:26.117', '2024-11-25 13:54:26.117', null, null, '{"settings":[{"value":true,"key":"force-invalid-session"}],"version":0}')" (applied to all columns)
[2024/11/25 13:54:26]: [nLogin] The user Terbang has successfully registered.
[2024/11/25 13:54:56]: §3[nLogin] [DEBUG] [SQLite] [UPDATE]: "UPDATE `nlogin` SET `last_name` = 'Terbang', `unique_id` = 62020be1f71336bea088d7eaf7165aef,  `mojang_id` = null,  `bedrock_id` = null,  `password` = '$2a$10$K29HYC9eIeA/IsT06LW3seecXPEi0mspDY4/eslEKvyJ7PWOgwZ/y', `last_ip` = '127.0.0.1', `creation_date` = 2024-11-25 13:54:26.117, `last_seen` = 2024-11-25 13:54:56.247, `email` = null, `discord` = null, `settings` = '{"settings":[{"value":true,"key":"force-invalid-session"},{"value":"en","key":"language"}],"version":0}' WHERE `ai` = 1" (applied to [last_seen, settings] columns)
[2024/11/25 13:55:04]: §3[nLogin] [DEBUG] [SQLite] [UPDATE]: "UPDATE `nlogin` SET `last_name` = 'Terbang', `unique_id` = 62020be1f71336bea088d7eaf7165aef,  `mojang_id` = null,  `bedrock_id` = null,  `password` = '$2a$10$K29HYC9eIeA/IsT06LW3seecXPEi0mspDY4/eslEKvyJ7PWOgwZ/y', `last_ip` = '127.0.0.1', `creation_date` = 2024-11-25 13:54:26.117, `last_seen` = 2024-11-25 13:55:04.844, `email` = null, `discord` = null, `settings` = '{"settings":[{"value":"en","key":"language"}],"version":0}' WHERE `ai` = 1" (applied to [last_ip, last_seen, settings] columns)
[2024/11/25 13:55:04]: [nLogin] The user Terbang has successfully logged in.
[2024/11/25 14:10:32]: [nLogin] Successful plugin core shutdown (took 0.00s)
