[2024/11/25 13:52:25]: §9          __             _       
[2024/11/25 13:52:25]: §9  _ __   / /  ___   __ _(_)_ __  
[2024/11/25 13:52:25]: §9 | '_ \ / /  / _ \ / _` | | '_ \ 
[2024/11/25 13:52:25]: §9 | | | / /__| (_) | (_| | | | | |
[2024/11/25 13:52:25]: §9 |_| |_\____/\___/ \__, |_|_| |_|
[2024/11/25 13:52:25]: §9                  |___/            
[2024/11/25 13:52:25]: §9 By: www.nickuc.com - V 10.4.17 DEVELOPMENT
[2024/11/25 13:52:25]: §9 
[2024/11/25 13:52:25]: §3[nLogin] [DEBUG] The config.yml file was created successfully.
[2024/11/25 13:52:31]: §3[nLogin] [DEBUG] All settings were loaded in 6464 ms.
[2024/11/25 13:52:31]: §3[nLogin] [DEBUG] Loading the messages_en.yml message file...
[2024/11/25 13:52:31]: §3[nLogin] [DEBUG] All plugin messages were loaded in 103 ms (languageByClient=false).
[2024/11/25 13:52:31]: §3[nLogin] [DEBUG] All proxy settings were loaded in 6 ms.
[2024/11/25 13:52:32]: §3[nLogin] [DEBUG] Loading database...
[2024/11/25 13:52:32]: [nLogin] Generating RSA keypair... (this may take a while)
[2024/11/25 13:52:36]: [nLogin] The RSA key pair was successfully generated. Took 4.52s
[2024/11/25 13:52:37]: §3[nLogin] [DEBUG] Starting logger filter...
[2024/11/25 13:52:37]: [nLogin] Downloading ProtocolLib...
[2024/11/25 13:52:42]: [nLogin] *-----------------------------------------------*
[2024/11/25 13:52:42]: [nLogin]   ProtocolLib has been successfully downloaded.
[2024/11/25 13:52:42]: [nLogin]   Restarting server to apply changes...
[2024/11/25 13:52:42]: [nLogin] *-----------------------------------------------*
[2024/11/25 13:52:47]: [nLogin] Successful plugin core shutdown (took 0.00s)
