[2024/11/25 18:21:06]: §9          __             _       
[2024/11/25 18:21:06]: §9  _ __   / /  ___   __ _(_)_ __  
[2024/11/25 18:21:06]: §9 | '_ \ / /  / _ \ / _` | | '_ \ 
[2024/11/25 18:21:06]: §9 | | | / /__| (_) | (_| | | | | |
[2024/11/25 18:21:06]: §9 |_| |_\____/\___/ \__, |_|_| |_|
[2024/11/25 18:21:06]: §9                  |___/            
[2024/11/25 18:21:06]: §9 By: www.nickuc.com - V 10.4.17 DEVELOPMENT
[2024/11/25 18:21:06]: §9 
[2024/11/25 18:21:07]: §3[nLogin] [DEBUG] All settings were loaded in 201 ms.
[2024/11/25 18:21:07]: §3[nLogin] [DEBUG] Loading the messages_en.yml message file...
[2024/11/25 18:21:07]: §3[nLogin] [DEBUG] All plugin messages were loaded in 93 ms (languageByClient=false).
[2024/11/25 18:21:07]: §3[nLogin] [DEBUG] All proxy settings were loaded in 4 ms.
[2024/11/25 18:21:07]: §3[nLogin] [DEBUG] Loading database...
[2024/11/25 18:21:07]: §3[nLogin] [DEBUG] Starting logger filter...
[2024/11/25 18:22:03]: §3[nLogin] [DEBUG] The iloveher (0:0:0:0:0:0:0:1) player entered an incorrect password
[2024/11/25 18:22:09]: §3[nLogin] [DEBUG] The iloveher (0:0:0:0:0:0:0:1) player entered an incorrect password
[2024/11/25 18:23:29]: §3[nLogin] [DEBUG] The iloveher (0:0:0:0:0:0:0:1) player entered an incorrect password
[2024/11/25 18:26:29]: §3[nLogin] [DEBUG] The iloveher (0:0:0:0:0:0:0:1) player entered an incorrect password
[2024/11/25 18:26:35]: §3[nLogin] [DEBUG] The iloveher (0:0:0:0:0:0:0:1) player entered an incorrect password
[2024/11/25 18:26:43]: [nLogin] Successful plugin core shutdown (took 0.00s)
