[2024/11/26 11:57:23]: §9          __             _       
[2024/11/26 11:57:23]: §9  _ __   / /  ___   __ _(_)_ __  
[2024/11/26 11:57:23]: §9 | '_ \ / /  / _ \ / _` | | '_ \ 
[2024/11/26 11:57:23]: §9 | | | / /__| (_) | (_| | | | | |
[2024/11/26 11:57:23]: §9 |_| |_\____/\___/ \__, |_|_| |_|
[2024/11/26 11:57:23]: §9                  |___/            
[2024/11/26 11:57:23]: §9 By: www.nickuc.com - V 10.4.17 DEVELOPMENT
[2024/11/26 11:57:23]: §9 
[2024/11/26 11:57:23]: §3[nLogin] [DEBUG] All settings were loaded in 151 ms.
[2024/11/26 11:57:23]: §3[nLogin] [DEBUG] Loading the messages_en.yml message file...
[2024/11/26 11:57:23]: §3[nLogin] [DEBUG] All plugin messages were loaded in 71 ms (languageByClient=false).
[2024/11/26 11:57:23]: §3[nLogin] [DEBUG] All proxy settings were loaded in 1 ms.
[2024/11/26 11:57:23]: §3[nLogin] [DEBUG] Loading database...
[2024/11/26 11:57:24]: §3[nLogin] [DEBUG] Starting logger filter...
[2024/11/26 11:59:56]: §3[nLogin] [DEBUG] [SQLite] [UPDATE]: "UPDATE `nlogin` SET `last_name` = 'Terbang', `unique_id` = 62020be1f71336bea088d7eaf7165aef,  `mojang_id` = null,  `bedrock_id` = null,  `password` = '$2a$10$sS03KFm3svw2WWLhAgN2COKkeYvYB9bT3./zXuvbjla0pUvP7rRTi', `last_ip` = '127.0.0.1', `creation_date` = 2024-11-25 16:19:14.54, `last_seen` = 2024-11-26 11:59:56.018, `email` = null, `discord` = null, `settings` = '{"settings":[{"value":"en","key":"language"}],"version":0}' WHERE `ai` = 1" (applied to [last_ip, last_seen, settings] columns)
[2024/11/26 11:59:56]: [nLogin] The user Terbang has successfully logged in.
[2024/11/26 12:02:43]: §3[nLogin] [DEBUG] [SQLite] [UNREGISTER]: Removing the Terbang's account...
[2024/11/26 12:02:43]: §3[nLogin] [DEBUG] [SQLite] [UPDATE]: "UPDATE `nlogin` SET `last_name` = 'Terbang', `unique_id` = 62020be1f71336bea088d7eaf7165aef,  `mojang_id` = null,  `bedrock_id` = null,  `password` = null, `last_ip` = null, `creation_date` = 1970-01-01 07:30:00.0, `last_seen` = 1970-01-01 07:30:00.0, `email` = null, `discord` = null, `settings` = null WHERE `ai` = 1" (applied to all columns)
[2024/11/26 12:02:43]: §3[nLogin] [DEBUG] The Terbang player had his account unregistered by CONSOLE.
[2024/11/26 12:02:43]: §3[nLogin] [DEBUG] [SQLite] [UPDATE]: "UPDATE `nlogin` SET `last_name` = 'Terbang', `unique_id` = 62020be1f71336bea088d7eaf7165aef,  `mojang_id` = null,  `bedrock_id` = null,  `password` = '$2a$10$sS03KFm3svw2WWLhAgN2COKkeYvYB9bT3./zXuvbjla0pUvP7rRTi', `last_ip` = '127.0.0.1', `creation_date` = 2024-11-25 16:19:14.54, `last_seen` = 2024-11-26 12:02:43.593, `email` = null, `discord` = null, `settings` = '{"settings":[{"value":"en","key":"language"}],"version":0}' WHERE `ai` = 1" (applied to [last_seen, settings] columns)
[2024/11/26 12:02:49]: §3[nLogin] [DEBUG] [SQLite] [UNREGISTER]: Removing the iloveher's account...
[2024/11/26 12:02:49]: §3[nLogin] [DEBUG] [SQLite] [UPDATE]: "UPDATE `nlogin` SET `last_name` = 'iloveher', `unique_id` = a2d48c14322434508378a2b784910c53,  `mojang_id` = null,  `bedrock_id` = null,  `password` = null, `last_ip` = null, `creation_date` = 1970-01-01 07:30:00.0, `last_seen` = 1970-01-01 07:30:00.0, `email` = null, `discord` = null, `settings` = null WHERE `ai` = 2" (applied to all columns)
[2024/11/26 12:02:49]: §3[nLogin] [DEBUG] The iloveher player had his account unregistered by CONSOLE.
[2024/11/26 12:03:00]: §3[nLogin] [DEBUG] [SQLite] [UPDATE]: "UPDATE `nlogin` SET `last_name` = 'Terbang', `unique_id` = 62020be1f71336bea088d7eaf7165aef,  `mojang_id` = null,  `bedrock_id` = null,  `password` = '$2a$10$VkWRu2oYVJAGLcMVPPgkc.cTsgU9a43yLXwfgFUn0X705LrVYa7Na', `last_ip` = '127.0.0.1', `creation_date` = 2024-11-26 12:02:59.871, `last_seen` = 2024-11-26 12:02:59.871, `email` = null, `discord` = null, `settings` = '{"settings":[{"value":true,"key":"force-invalid-session"},{"value":"en","key":"language"}],"version":0}' WHERE `ai` = 1" (applied to all columns)
[2024/11/26 12:03:00]: [nLogin] The user Terbang has successfully registered.
[2024/11/26 12:03:44]: §3[nLogin] [DEBUG] [SQLite] [UPDATE]: "UPDATE `nlogin` SET `last_name` = 'iloveher', `unique_id` = a2d48c14322434508378a2b784910c53,  `mojang_id` = null,  `bedrock_id` = null,  `password` = '$2a$10$f/IU5Hpaelyu14PWfqFhS..4z.CgwYSDsH3FcSvttn7TwA0RbqY9C', `last_ip` = '0:0:0:0:0:0:0:1', `creation_date` = 2024-11-26 12:03:44.743, `last_seen` = 2024-11-26 12:03:44.743, `email` = null, `discord` = null, `settings` = '{"settings":[{"value":true,"key":"force-invalid-session"}],"version":0}' WHERE `ai` = 2" (applied to all columns)
[2024/11/26 12:03:44]: [nLogin] The user iloveher has successfully registered.
[2024/11/26 12:04:06]: §3[nLogin] [DEBUG] [SQLite] [UPDATE]: "UPDATE `nlogin` SET `last_name` = 'iloveher', `unique_id` = a2d48c14322434508378a2b784910c53,  `mojang_id` = null,  `bedrock_id` = null,  `password` = '$2a$10$f/IU5Hpaelyu14PWfqFhS..4z.CgwYSDsH3FcSvttn7TwA0RbqY9C', `last_ip` = '0:0:0:0:0:0:0:1', `creation_date` = 2024-11-26 12:03:44.743, `last_seen` = 2024-11-26 12:04:06.882, `email` = null, `discord` = null, `settings` = '{"settings":[{"value":true,"key":"force-invalid-session"},{"value":"en","key":"language"}],"version":0}' WHERE `ai` = 2" (applied to [last_seen, settings] columns)
[2024/11/26 12:04:20]: §3[nLogin] [DEBUG] The iloveher (0:0:0:0:0:0:0:1) player entered an incorrect password
[2024/11/26 12:04:26]: §3[nLogin] [DEBUG] The iloveher (0:0:0:0:0:0:0:1) player entered an incorrect password
[2024/11/26 12:05:37]: §3[nLogin] [DEBUG] The iloveher (0:0:0:0:0:0:0:1) player entered an incorrect password
[2024/11/26 12:07:00]: §3[nLogin] [DEBUG] [SQLite] [UPDATE]: "UPDATE `nlogin` SET `last_name` = 'iloveher', `unique_id` = a2d48c14322434508378a2b784910c53,  `mojang_id` = null,  `bedrock_id` = null,  `password` = '$2a$10$f/IU5Hpaelyu14PWfqFhS..4z.CgwYSDsH3FcSvttn7TwA0RbqY9C', `last_ip` = '0:0:0:0:0:0:0:1', `creation_date` = 2024-11-26 12:03:44.743, `last_seen` = 2024-11-26 12:07:00.801, `email` = null, `discord` = null, `settings` = '{"settings":[{"value":"en","key":"language"}],"version":0}' WHERE `ai` = 2" (applied to [last_ip, last_seen, settings] columns)
[2024/11/26 12:07:00]: [nLogin] The user iloveher has successfully logged in.
[2024/11/26 12:07:19]: §3[nLogin] [DEBUG] [SQLite] [UPDATE]: "UPDATE `nlogin` SET `last_name` = 'iloveher', `unique_id` = a2d48c14322434508378a2b784910c53,  `mojang_id` = null,  `bedrock_id` = null,  `password` = '$2a$10$f/IU5Hpaelyu14PWfqFhS..4z.CgwYSDsH3FcSvttn7TwA0RbqY9C', `last_ip` = '0:0:0:0:0:0:0:1', `creation_date` = 2024-11-26 12:03:44.743, `last_seen` = 2024-11-26 12:07:19.795, `email` = null, `discord` = null, `settings` = '{"settings":[{"value":"en","key":"language"}],"version":0}' WHERE `ai` = 2" (applied to [last_seen, settings] columns)
[2024/11/26 12:14:13]: §3[nLogin] [DEBUG] [SQLite] [UPDATE]: "UPDATE `nlogin` SET `last_name` = 'iloveher', `unique_id` = a2d48c14322434508378a2b784910c53,  `mojang_id` = null,  `bedrock_id` = null,  `password` = '$2a$10$f/IU5Hpaelyu14PWfqFhS..4z.CgwYSDsH3FcSvttn7TwA0RbqY9C', `last_ip` = '0:0:0:0:0:0:0:1', `creation_date` = 2024-11-26 12:03:44.743, `last_seen` = 2024-11-26 12:14:13.555, `email` = null, `discord` = null, `settings` = '{"settings":[{"value":"en","key":"language"}],"version":0}' WHERE `ai` = 2" (applied to [last_ip, last_seen, settings] columns)
[2024/11/26 12:14:13]: [nLogin] The user iloveher has successfully logged in.
[2024/11/26 12:14:21]: §3[nLogin] [DEBUG] [SQLite] [UPDATE]: "UPDATE `nlogin` SET `last_name` = 'iloveher', `unique_id` = a2d48c14322434508378a2b784910c53,  `mojang_id` = null,  `bedrock_id` = null,  `password` = '$2a$10$f/IU5Hpaelyu14PWfqFhS..4z.CgwYSDsH3FcSvttn7TwA0RbqY9C', `last_ip` = '0:0:0:0:0:0:0:1', `creation_date` = 2024-11-26 12:03:44.743, `last_seen` = 2024-11-26 12:14:21.384, `email` = null, `discord` = null, `settings` = '{"settings":[{"value":"en","key":"language"}],"version":0}' WHERE `ai` = 2" (applied to [last_seen, settings] columns)
[2024/11/26 12:14:43]: §3[nLogin] [DEBUG] [SQLite] [UPDATE]: "UPDATE `nlogin` SET `last_name` = 'Terbang', `unique_id` = 62020be1f71336bea088d7eaf7165aef,  `mojang_id` = null,  `bedrock_id` = null,  `password` = '$2a$10$VkWRu2oYVJAGLcMVPPgkc.cTsgU9a43yLXwfgFUn0X705LrVYa7Na', `last_ip` = '127.0.0.1', `creation_date` = 2024-11-26 12:02:59.871, `last_seen` = 2024-11-26 12:14:43.043, `email` = null, `discord` = null, `settings` = '{"settings":[{"value":true,"key":"force-invalid-session"},{"value":"en","key":"language"}],"version":0}' WHERE `ai` = 1" (applied to [last_seen, settings] columns)
